[2020-02-05 22:48:22.835] [exthost] [info] extension host started
[2020-02-05 22:48:22.874] [exthost] [info] ExtensionService#_doActivateExtension vscode.debug-auto-launch {"startup":true,"extensionId":{"value":"vscode.debug-auto-launch","_lower":"vscode.debug-auto-launch"},"activationEvent":"*"}
[2020-02-05 22:48:22.874] [exthost] [info] ExtensionService#loadCommonJSModule file:///usr/share/code/resources/app/extensions/debug-auto-launch/dist/extension
[2020-02-05 22:48:22.878] [exthost] [info] ExtensionService#_doActivateExtension vscode.emmet {"startup":true,"extensionId":{"value":"vscode.emmet","_lower":"vscode.emmet"},"activationEvent":"*"}
[2020-02-05 22:48:22.878] [exthost] [info] ExtensionService#loadCommonJSModule file:///usr/share/code/resources/app/extensions/emmet/dist/extension
[2020-02-05 22:48:22.894] [exthost] [info] ExtensionService#_doActivateExtension vscode.git {"startup":true,"extensionId":{"value":"vscode.git","_lower":"vscode.git"},"activationEvent":"*"}
[2020-02-05 22:48:22.894] [exthost] [info] ExtensionService#loadCommonJSModule file:///usr/share/code/resources/app/extensions/git/dist/main
[2020-02-05 22:48:22.911] [exthost] [info] ExtensionService#_doActivateExtension vscode.merge-conflict {"startup":true,"extensionId":{"value":"vscode.merge-conflict","_lower":"vscode.merge-conflict"},"activationEvent":"*"}
[2020-02-05 22:48:22.911] [exthost] [info] ExtensionService#loadCommonJSModule file:///usr/share/code/resources/app/extensions/merge-conflict/dist/extension
[2020-02-05 22:48:22.913] [exthost] [info] ExtensionService#_doActivateExtension vscode.search-result {"startup":true,"extensionId":{"value":"vscode.search-result","_lower":"vscode.search-result"},"activationEvent":"*"}
[2020-02-05 22:48:22.913] [exthost] [info] ExtensionService#loadCommonJSModule file:///usr/share/code/resources/app/extensions/search-result/dist/extension.js
[2020-02-05 22:48:22.914] [exthost] [info] ExtensionService#_doActivateExtension Equinusocio.vsc-material-theme {"startup":true,"extensionId":{"value":"Equinusocio.vsc-material-theme","_lower":"equinusocio.vsc-material-theme"},"activationEvent":"*"}
[2020-02-05 22:48:22.914] [exthost] [info] ExtensionService#loadCommonJSModule file:///home/leonardochc/.vscode/extensions/equinusocio.vsc-material-theme-32.4.0/build/material.theme.config
[2020-02-05 22:48:22.922] [exthost] [info] ExtensionService#_doActivateExtension equinusocio.vsc-material-theme-icons {"startup":true,"extensionId":{"value":"equinusocio.vsc-material-theme-icons","_lower":"equinusocio.vsc-material-theme-icons"},"activationEvent":"*"}
[2020-02-05 22:48:22.922] [exthost] [info] ExtensionService#loadCommonJSModule file:///home/leonardochc/.vscode/extensions/equinusocio.vsc-material-theme-icons-1.1.3/out/src/extension
[2020-02-05 22:48:22.929] [exthost] [info] ExtensionService#_doActivateExtension esbenp.prettier-vscode {"startup":true,"extensionId":{"value":"esbenp.prettier-vscode","_lower":"esbenp.prettier-vscode"},"activationEvent":"*"}
[2020-02-05 22:48:22.929] [exthost] [info] ExtensionService#loadCommonJSModule file:///home/leonardochc/.vscode/extensions/esbenp.prettier-vscode-3.20.0/dist/extension
[2020-02-05 22:48:22.980] [exthost] [info] ExtensionService#_doActivateExtension formulahendry.terminal {"startup":true,"extensionId":{"value":"formulahendry.terminal","_lower":"formulahendry.terminal"},"activationEvent":"*"}
[2020-02-05 22:48:22.980] [exthost] [info] ExtensionService#loadCommonJSModule file:///home/leonardochc/.vscode/extensions/formulahendry.terminal-0.0.10/out/src/extension
[2020-02-05 22:48:22.994] [exthost] [info] ExtensionService#_doActivateExtension jakethashi.vscode-angular2-emmet {"startup":true,"extensionId":{"value":"jakethashi.vscode-angular2-emmet","_lower":"jakethashi.vscode-angular2-emmet"},"activationEvent":"*"}
[2020-02-05 22:48:22.994] [exthost] [info] ExtensionService#loadCommonJSModule file:///home/leonardochc/.vscode/extensions/jakethashi.vscode-angular2-emmet-2.0.3/out/src/extension
[2020-02-05 22:48:23.051] [exthost] [info] ExtensionService#_doActivateExtension PKief.material-icon-theme {"startup":true,"extensionId":{"value":"PKief.material-icon-theme","_lower":"pkief.material-icon-theme"},"activationEvent":"*"}
[2020-02-05 22:48:23.051] [exthost] [info] ExtensionService#loadCommonJSModule file:///home/leonardochc/.vscode/extensions/pkief.material-icon-theme-3.9.2/dist/extension
[2020-02-05 22:48:23.057] [exthost] [info] eager extensions activated
